<?xml version="1.0" encoding="UTF-8"?>
<!-- Generated by org.testng.reporters.JUnitXMLReporter -->
<testsuite hostname="NAG-MAC" ignored="0" name="Test" tests="4" failures="0" timestamp="2020-02-21T15:44:53 IST" time="0.056" errors="0">
  <testcase name="beFalse" time="0.008" classname="com.example.SimpleTest"/>
  <testcase name="beTrue" time="0.003" classname="com.example.SimpleTest"/>
  <testcase name="beFalse" time="0.001" classname="com.example.ComplexTest"/>
  <testcase name="beTrue" time="0.002" classname="com.example.ComplexTest"/>
</testsuite> <!-- Test -->
